{"name":"engram","hostname":"ryan-S400CA","pid":14470,"level":30,"msg":"engram listening on port 5000","time":"2015-04-27T17:07:39.556Z","v":0}
{"name":"engram","hostname":"ryan-S400CA","pid":15241,"level":30,"msg":"engram listening on port 5000","time":"2015-04-27T17:18:12.304Z","v":0}
{"name":"engram","hostname":"ryan-S400CA","pid":15935,"level":30,"msg":"engram listening on port 5000","time":"2015-04-27T17:28:24.081Z","v":0}
{"name":"engram","hostname":"ryan-S400CA","pid":16074,"level":30,"msg":"engram listening on port 5000","time":"2015-04-27T17:29:26.249Z","v":0}
{"name":"engram","hostname":"ryan-S400CA","pid":16232,"level":30,"msg":"engram listening on port 5000","time":"2015-04-27T17:31:08.935Z","v":0}
{"name":"engram","hostname":"ryan-S400CA","pid":16933,"level":30,"msg":"engram listening on port 5000","time":"2015-04-27T18:40:32.152Z","v":0}
{"name":"engram","hostname":"ryan-S400CA","pid":17112,"level":30,"msg":"engram listening on port 5000","time":"2015-04-27T18:42:22.590Z","v":0}
{"name":"engram","hostname":"ryan-S400CA","pid":17254,"level":30,"msg":"engram listening on port 5000","time":"2015-04-27T18:43:16.684Z","v":0}
{"name":"engram","hostname":"ryan-S400CA","pid":17348,"level":30,"msg":"engram listening on port 5000","time":"2015-04-27T18:43:47.403Z","v":0}
{"name":"engram","hostname":"ryan-S400CA","pid":19342,"level":30,"msg":"engram listening on port 5000","time":"2015-04-27T18:54:56.434Z","v":0}
{"name":"engram","hostname":"ryan-S400CA","pid":19725,"level":30,"msg":"engram listening on port 5000","time":"2015-04-27T18:56:37.632Z","v":0}
{"name":"engram","hostname":"ryan-S400CA","pid":20103,"level":30,"msg":"engram listening on port 5000","time":"2015-04-27T18:58:11.786Z","v":0}
{"name":"engram","hostname":"ryan-S400CA","pid":20322,"level":30,"msg":"engram listening on port 5000","time":"2015-04-27T18:59:03.851Z","v":0}
{"name":"engram","hostname":"ryan-S400CA","pid":20721,"level":30,"msg":"engram listening on port 5000","time":"2015-04-27T19:01:13.430Z","v":0}
{"name":"engram","hostname":"ryan-S400CA","pid":21123,"level":30,"msg":"engram listening on port 5000","time":"2015-04-27T19:03:51.360Z","v":0}
{"name":"engram","hostname":"ryan-S400CA","pid":21334,"level":30,"msg":"engram listening on port 5000","time":"2015-04-27T19:04:49.335Z","v":0}
{"name":"engram","hostname":"ryan-S400CA","pid":21497,"level":30,"msg":"engram listening on port 5000","time":"2015-04-27T19:05:28.026Z","v":0}
{"name":"engram","hostname":"ryan-S400CA","pid":22019,"level":30,"msg":"engram listening on port 5000","time":"2015-04-27T19:08:48.462Z","v":0}
{"name":"engram","hostname":"ryan-S400CA","pid":22093,"level":30,"msg":"engram listening on port 5000","time":"2015-04-27T19:09:01.806Z","v":0}
{"name":"engram","hostname":"ryan-S400CA","pid":22187,"level":30,"msg":"engram listening on port 5000","time":"2015-04-27T19:09:20.636Z","v":0}
{"name":"engram","hostname":"ryan-S400CA","pid":22432,"level":30,"msg":"engram listening on port 5000","time":"2015-04-27T19:11:23.997Z","v":0}
{"name":"engram","hostname":"ryan-S400CA","pid":22530,"level":30,"msg":"engram listening on port 5000","time":"2015-04-27T19:12:18.803Z","v":0}
{"name":"engram","hostname":"ryan-S400CA","pid":22616,"level":30,"msg":"engram listening on port 5000","time":"2015-04-27T19:12:45.048Z","v":0}
{"name":"engram","hostname":"ryan-S400CA","pid":22706,"level":30,"msg":"engram listening on port 5000","time":"2015-04-27T19:13:10.623Z","v":0}
{"name":"engram","hostname":"ryan-S400CA","pid":22981,"level":30,"msg":"engram listening on port 5000","time":"2015-04-27T19:16:28.280Z","v":0}
{"name":"engram","hostname":"ryan-S400CA","pid":23043,"level":30,"msg":"engram listening on port 5000","time":"2015-04-27T19:16:38.325Z","v":0}
{"name":"engram","hostname":"ryan-S400CA","pid":23555,"level":30,"msg":"engram listening on port 5000","time":"2015-04-27T19:20:46.598Z","v":0}
{"name":"engram","hostname":"ryan-S400CA","pid":23679,"level":30,"msg":"engram listening on port 5000","time":"2015-04-27T19:21:18.326Z","v":0}
{"name":"engram","hostname":"ryan-S400CA","pid":23757,"level":30,"msg":"engram listening on port 5000","time":"2015-04-27T19:21:46.605Z","v":0}
{"name":"engram","hostname":"ryan-S400CA","pid":23887,"level":30,"msg":"engram listening on port 5000","time":"2015-04-27T19:22:18.933Z","v":0}
{"name":"engram","hostname":"ryan-S400CA","pid":24011,"level":30,"msg":"engram listening on port 5000","time":"2015-04-27T19:23:44.415Z","v":0}
{"name":"engram","hostname":"ryan-S400CA","pid":24105,"level":30,"msg":"engram listening on port 5000","time":"2015-04-27T19:24:07.486Z","v":0}
{"name":"engram","hostname":"ryan-S400CA","pid":24207,"level":30,"msg":"engram listening on port 5000","time":"2015-04-27T19:24:50.359Z","v":0}
{"name":"engram","hostname":"ryan-S400CA","pid":30272,"level":30,"msg":"engram listening on port 5000","time":"2015-04-27T23:39:54.425Z","v":0}
{"name":"engram","hostname":"ryan-S400CA","pid":30729,"level":30,"msg":"engram listening on port 5000","time":"2015-04-27T23:44:22.375Z","v":0}
{"name":"engram","hostname":"ryan-S400CA","pid":30844,"level":30,"msg":"engram listening on port 5000","time":"2015-04-27T23:45:10.673Z","v":0}
{"name":"engram","hostname":"ryan-S400CA","pid":30972,"level":30,"msg":"engram listening on port 5000","time":"2015-04-27T23:45:51.775Z","v":0}
{"name":"engram","hostname":"ryan-S400CA","pid":32025,"level":30,"msg":"engram listening on port 5000","time":"2015-04-28T00:00:02.005Z","v":0}
{"name":"engram","hostname":"ryan-S400CA","pid":32279,"level":30,"msg":"engram listening on port 5000","time":"2015-04-28T00:02:11.963Z","v":0}
{"name":"engram","hostname":"ryan-S400CA","pid":32384,"level":30,"msg":"engram listening on port 5000","time":"2015-04-28T00:02:44.986Z","v":0}
{"name":"engram","hostname":"ryan-S400CA","pid":32585,"level":30,"msg":"engram listening on port 5000","time":"2015-04-28T00:05:28.442Z","v":0}
{"name":"engram","hostname":"ryan-S400CA","pid":32688,"level":30,"msg":"engram listening on port 5000","time":"2015-04-28T00:05:51.602Z","v":0}
{"name":"engram","hostname":"ryan-S400CA","pid":363,"level":30,"msg":"engram listening on port 5000","time":"2015-04-28T00:06:44.659Z","v":0}
{"name":"engram","hostname":"ryan-S400CA","pid":493,"level":30,"msg":"engram listening on port 5000","time":"2015-04-28T00:07:25.197Z","v":0}
{"name":"engram","hostname":"ryan-S400CA","pid":823,"level":30,"msg":"engram listening on port 5000","time":"2015-04-28T00:11:03.101Z","v":0}
{"name":"engram","hostname":"ryan-S400CA","pid":1236,"level":30,"msg":"engram listening on port 5000","time":"2015-04-28T00:17:14.123Z","v":0}
{"name":"engram","hostname":"ryan-S400CA","pid":1733,"level":30,"msg":"engram listening on port 5000","time":"2015-04-28T00:23:33.445Z","v":0}
{"name":"engram","hostname":"ryan-S400CA","pid":1835,"level":30,"msg":"engram listening on port 5000","time":"2015-04-28T00:23:43.231Z","v":0}
{"name":"engram","hostname":"ryan-S400CA","pid":3115,"level":30,"msg":"engram listening on port 5000","time":"2015-04-28T00:34:36.569Z","v":0}
{"name":"engram","hostname":"ryan-S400CA","pid":3716,"level":30,"msg":"engram listening on port 5000","time":"2015-04-28T00:39:30.454Z","v":0}
{"name":"engram","hostname":"ryan-S400CA","pid":4202,"level":30,"msg":"engram listening on port 5000","time":"2015-04-28T00:42:43.756Z","v":0}
{"name":"engram","hostname":"ryan-S400CA","pid":4486,"level":30,"msg":"engram listening on port 5000","time":"2015-04-28T00:45:32.365Z","v":0}
{"name":"engram","hostname":"ryan-S400CA","pid":13955,"level":30,"msg":"engram listening on port 5000","time":"2015-04-28T21:48:12.818Z","v":0}
{"name":"engram","hostname":"ryan-S400CA","pid":3710,"level":30,"msg":"engram listening on port 5000","time":"2015-04-29T02:04:05.669Z","v":0}
{"name":"engram","hostname":"ryan-S400CA","pid":3906,"level":30,"msg":"engram listening on port 5000","time":"2015-04-29T02:06:06.473Z","v":0}
{"name":"engram","hostname":"ryan-S400CA","pid":4095,"level":30,"msg":"engram listening on port 5000","time":"2015-04-29T02:07:58.329Z","v":0}
{"name":"engram","hostname":"ryan-S400CA","pid":4259,"level":30,"msg":"engram listening on port 5000","time":"2015-04-29T02:09:25.649Z","v":0}
{"name":"engram","hostname":"ryan-S400CA","pid":4341,"level":30,"msg":"engram listening on port 5000","time":"2015-04-29T02:10:02.385Z","v":0}
{"name":"engram","hostname":"ryan-S400CA","pid":4462,"level":30,"msg":"engram listening on port 5000","time":"2015-04-29T02:10:45.420Z","v":0}
{"name":"engram","hostname":"ryan-S400CA","pid":5169,"level":30,"msg":"engram listening on port 5000","time":"2015-04-29T15:31:25.027Z","v":0}
{"name":"engram","hostname":"ryan-S400CA","pid":30083,"level":30,"msg":"engram listening on port 5000","time":"2015-05-02T18:54:39.718Z","v":0}
{"name":"engram","hostname":"ryan-S400CA","pid":30353,"level":30,"msg":"engram listening on port 5000","time":"2015-05-02T18:57:29.816Z","v":0}
{"name":"engram","hostname":"ryan-S400CA","pid":30632,"level":30,"msg":"engram listening on port 5000","time":"2015-05-02T18:59:12.486Z","v":0}
{"name":"engram","hostname":"ryan-S400CA","pid":30952,"level":30,"msg":"engram listening on port 5000","time":"2015-05-02T19:05:32.841Z","v":0}
{"name":"engram","hostname":"ryan-S400CA","pid":31364,"level":30,"msg":"engram listening on port 5000","time":"2015-05-02T19:08:16.197Z","v":0}
{"name":"engram","hostname":"ryan-S400CA","pid":31566,"level":30,"msg":"engram listening on port 5000","time":"2015-05-02T19:08:56.365Z","v":0}
{"name":"engram","hostname":"ryan-S400CA","pid":31852,"level":30,"msg":"engram listening on port 5000","time":"2015-05-02T19:11:10.018Z","v":0}
{"name":"engram","hostname":"ryan-S400CA","pid":32220,"level":30,"msg":"engram listening on port 5000","time":"2015-05-02T19:14:01.164Z","v":0}
{"name":"engram","hostname":"ryan-S400CA","pid":32389,"level":30,"msg":"engram listening on port 5000","time":"2015-05-02T19:15:17.093Z","v":0}
{"name":"engram","hostname":"ryan-S400CA","pid":463,"level":30,"msg":"engram listening on port 5000","time":"2015-05-02T19:19:09.924Z","v":0}
{"name":"engram","hostname":"ryan-S400CA","pid":751,"level":30,"msg":"engram listening on port 5000","time":"2015-05-02T19:21:24.342Z","v":0}
{"name":"engram","hostname":"ryan-S400CA","pid":885,"level":30,"msg":"engram listening on port 5000","time":"2015-05-02T19:21:51.445Z","v":0}
{"name":"engram","hostname":"ryan-S400CA","pid":885,"level":30,"msg":"GET %2Fhttp%3A%2F%2Fwww.google.com","time":"2015-05-02T19:21:52.631Z","v":0}
{"name":"engram","hostname":"ryan-S400CA","pid":1181,"level":30,"msg":"engram listening on port 5000","time":"2015-05-02T19:24:17.171Z","v":0}
{"name":"engram","hostname":"ryan-S400CA","pid":1181,"level":30,"msg":"GET http://www.google.com","time":"2015-05-02T19:24:35.422Z","v":0}
{"name":"engram","hostname":"ryan-S400CA","pid":3071,"level":30,"msg":"engram listening on port 5000","time":"2015-05-02T19:41:07.935Z","v":0}
{"name":"engram","hostname":"ryan-S400CA","pid":3071,"level":30,"msg":"GET ","time":"2015-05-02T19:41:09.767Z","v":0}
{"name":"engram","hostname":"ryan-S400CA","pid":3167,"level":30,"msg":"engram listening on port 5000","time":"2015-05-02T19:41:26.205Z","v":0}
{"name":"engram","hostname":"ryan-S400CA","pid":3167,"level":30,"msg":"GET www.google.com","time":"2015-05-02T19:42:08.268Z","v":0}
{"name":"engram","hostname":"ryan-S400CA","pid":3167,"level":30,"msg":"GET www.google.com","time":"2015-05-02T19:44:08.365Z","v":0}
{"name":"engram","hostname":"ryan-S400CA","pid":4978,"level":30,"msg":"engram listening on port 5000","time":"2015-05-02T19:55:40.793Z","v":0}
{"name":"engram","hostname":"ryan-S400CA","pid":5189,"level":30,"msg":"engram listening on port 5000","time":"2015-05-02T19:56:27.537Z","v":0}
{"name":"engram","hostname":"ryan-S400CA","pid":5299,"level":30,"msg":"engram listening on port 5000","time":"2015-05-02T19:56:50.922Z","v":0}
{"name":"engram","hostname":"ryan-S400CA","pid":5414,"level":30,"msg":"engram listening on port 5000","time":"2015-05-02T19:57:09.630Z","v":0}
{"name":"engram","hostname":"ryan-S400CA","pid":5526,"level":30,"msg":"engram listening on port 5000","time":"2015-05-02T19:57:28.771Z","v":0}
{"name":"engram","hostname":"ryan-S400CA","pid":5673,"level":30,"msg":"engram listening on port 5000","time":"2015-05-02T19:58:33.189Z","v":0}
{"name":"engram","hostname":"ryan-S400CA","pid":5930,"level":30,"msg":"engram listening on port 5000","time":"2015-05-02T19:59:31.604Z","v":0}
{"name":"engram","hostname":"ryan-S400CA","pid":6061,"level":30,"msg":"engram listening on port 5000","time":"2015-05-02T20:00:04.707Z","v":0}
{"name":"engram","hostname":"ryan-S400CA","pid":6307,"level":30,"msg":"engram listening on port 5000","time":"2015-05-02T20:01:22.175Z","v":0}
{"name":"engram","hostname":"ryan-S400CA","pid":6483,"level":30,"msg":"engram listening on port 5000","time":"2015-05-02T20:02:06.328Z","v":0}
{"name":"engram","hostname":"ryan-S400CA","pid":6774,"level":30,"msg":"engram listening on port 5000","time":"2015-05-02T20:04:26.030Z","v":0}
{"name":"engram","hostname":"ryan-S400CA","pid":7128,"level":30,"msg":"engram listening on port 5000","time":"2015-05-02T20:07:00.571Z","v":0}
{"name":"engram","hostname":"ryan-S400CA","pid":7128,"level":30,"msg":"GET http://www.google.com","time":"2015-05-02T20:07:07.588Z","v":0}
{"name":"engram","hostname":"ryan-S400CA","pid":7263,"level":30,"msg":"engram listening on port 5000","time":"2015-05-02T20:07:39.083Z","v":0}
{"name":"engram","hostname":"ryan-S400CA","pid":7263,"level":30,"msg":"GET http://www.google.com","time":"2015-05-02T20:07:39.684Z","v":0}
{"name":"engram","hostname":"ryan-S400CA","pid":7394,"level":30,"msg":"engram listening on port 5000","time":"2015-05-02T20:08:08.307Z","v":0}
{"name":"engram","hostname":"ryan-S400CA","pid":7394,"level":30,"msg":"GET http://www.google.com","time":"2015-05-02T20:08:08.904Z","v":0}
{"name":"engram","hostname":"ryan-S400CA","pid":7574,"level":30,"msg":"engram listening on port 5000","time":"2015-05-02T20:09:15.331Z","v":0}
{"name":"engram","hostname":"ryan-S400CA","pid":7574,"level":30,"msg":"GET http://www.google.com","time":"2015-05-02T20:09:15.605Z","v":0}
{"name":"engram","hostname":"ryan-S400CA","pid":7687,"level":30,"msg":"engram listening on port 5000","time":"2015-05-02T20:09:34.870Z","v":0}
{"name":"engram","hostname":"ryan-S400CA","pid":7854,"level":30,"msg":"engram listening on port 5000","time":"2015-05-02T20:10:37.179Z","v":0}
{"name":"engram","hostname":"ryan-S400CA","pid":7854,"level":30,"msg":"GET http://www.google.com","time":"2015-05-02T20:10:42.029Z","v":0}
{"name":"engram","hostname":"ryan-S400CA","pid":7996,"level":30,"msg":"engram listening on port 5000","time":"2015-05-02T20:11:09.798Z","v":0}
{"name":"engram","hostname":"ryan-S400CA","pid":7996,"level":30,"msg":"GET http://www.google.com","time":"2015-05-02T20:11:27.858Z","v":0}
{"name":"engram","hostname":"ryan-S400CA","pid":8143,"level":30,"msg":"engram listening on port 5000","time":"2015-05-02T20:12:07.632Z","v":0}
{"name":"engram","hostname":"ryan-S400CA","pid":8143,"level":30,"msg":"GET http://www.google.com","time":"2015-05-02T20:12:25.332Z","v":0}
{"name":"engram","hostname":"ryan-S400CA","pid":8339,"level":30,"msg":"engram listening on port 5000","time":"2015-05-02T20:13:20.546Z","v":0}
{"name":"engram","hostname":"ryan-S400CA","pid":8339,"level":30,"msg":"GET http://www.google.com","time":"2015-05-02T20:13:27.808Z","v":0}
{"name":"engram","hostname":"ryan-S400CA","pid":8459,"level":30,"msg":"engram listening on port 5000","time":"2015-05-02T20:13:57.220Z","v":0}
{"name":"engram","hostname":"ryan-S400CA","pid":8459,"level":30,"msg":"GET http://www.google.com","time":"2015-05-02T20:14:04.404Z","v":0}
{"name":"engram","hostname":"ryan-S400CA","pid":8576,"level":30,"msg":"engram listening on port 5000","time":"2015-05-02T20:14:24.470Z","v":0}
{"name":"engram","hostname":"ryan-S400CA","pid":8576,"level":30,"msg":"GET http://www.google.com","time":"2015-05-02T20:14:28.058Z","v":0}
{"name":"engram","hostname":"ryan-S400CA","pid":8728,"level":30,"msg":"engram listening on port 5000","time":"2015-05-02T20:15:14.431Z","v":0}
{"name":"engram","hostname":"ryan-S400CA","pid":8728,"level":30,"msg":"GET http://www.google.com","time":"2015-05-02T20:15:15.984Z","v":0}
{"name":"engram","hostname":"ryan-S400CA","pid":8728,"level":30,"msg":"GET http://www.google.com","time":"2015-05-02T20:17:16.109Z","v":0}
{"name":"engram","hostname":"ryan-S400CA","pid":9274,"level":30,"msg":"engram listening on port 5000","time":"2015-05-02T20:18:12.652Z","v":0}
{"name":"engram","hostname":"ryan-S400CA","pid":9274,"level":30,"msg":"GET http://www.google.com","time":"2015-05-02T20:18:24.085Z","v":0}
{"name":"engram","hostname":"ryan-S400CA","pid":9434,"level":30,"msg":"engram listening on port 5000","time":"2015-05-02T20:18:55.140Z","v":0}
{"name":"engram","hostname":"ryan-S400CA","pid":9434,"level":30,"msg":"GET http://www.google.com","time":"2015-05-02T20:18:55.235Z","v":0}
{"name":"engram","hostname":"ryan-S400CA","pid":9664,"level":30,"msg":"engram listening on port 5000","time":"2015-05-02T20:20:31.493Z","v":0}
{"name":"engram","hostname":"ryan-S400CA","pid":9824,"level":30,"msg":"engram listening on port 5000","time":"2015-05-02T20:21:40.482Z","v":0}
{"name":"engram","hostname":"ryan-S400CA","pid":10427,"level":30,"msg":"engram listening on port 5000","time":"2015-05-02T20:26:44.179Z","v":0}
{"name":"engram","hostname":"ryan-S400CA","pid":10661,"level":30,"msg":"engram listening on port 5000","time":"2015-05-02T20:27:40.374Z","v":0}
{"name":"engram","hostname":"ryan-S400CA","pid":10874,"level":30,"msg":"engram listening on port 5000","time":"2015-05-02T20:29:16.120Z","v":0}
{"name":"engram","hostname":"ryan-S400CA","pid":10993,"level":30,"msg":"engram listening on port 5000","time":"2015-05-02T20:29:37.543Z","v":0}
{"name":"engram","hostname":"ryan-S400CA","pid":10993,"level":30,"msg":"GET http://www.google.com","time":"2015-05-02T20:29:38.216Z","v":0}
{"name":"engram","hostname":"ryan-S400CA","pid":11291,"level":30,"msg":"engram listening on port 5000","time":"2015-05-02T20:31:07.916Z","v":0}
{"name":"engram","hostname":"ryan-S400CA","pid":11458,"level":30,"msg":"engram listening on port 5000","time":"2015-05-02T20:31:33.515Z","v":0}
{"name":"engram","hostname":"ryan-S400CA","pid":11795,"level":30,"msg":"engram listening on port 5000","time":"2015-05-02T20:33:35.943Z","v":0}
{"name":"engram","hostname":"ryan-S400CA","pid":11986,"level":30,"msg":"engram listening on port 5000","time":"2015-05-02T20:35:06.035Z","v":0}
{"name":"engram","hostname":"ryan-S400CA","pid":11986,"level":30,"msg":"GET http://www.google.com","time":"2015-05-02T20:35:13.606Z","v":0}
{"name":"engram","hostname":"ryan-S400CA","pid":12097,"level":30,"msg":"engram listening on port 5000","time":"2015-05-02T20:35:47.173Z","v":0}
{"name":"engram","hostname":"ryan-S400CA","pid":12097,"level":30,"msg":"GET http://www.google.com","time":"2015-05-02T20:35:47.796Z","v":0}
{"name":"engram","hostname":"ryan-S400CA","pid":12097,"level":30,"msg":"GET http://www.google.com","time":"2015-05-02T20:35:48.917Z","v":0}
{"name":"engram","hostname":"ryan-S400CA","pid":12097,"level":30,"msg":"GET http://www.google.com","time":"2015-05-02T20:35:49.666Z","v":0}
{"name":"engram","hostname":"ryan-S400CA","pid":12097,"level":30,"msg":"GET http://www.google.com","time":"2015-05-02T20:35:50.604Z","v":0}
{"name":"engram","hostname":"ryan-S400CA","pid":12097,"level":30,"msg":"GET http://www.google.com","time":"2015-05-02T20:35:51.352Z","v":0}
{"name":"engram","hostname":"ryan-S400CA","pid":12254,"level":30,"msg":"engram listening on port 5000","time":"2015-05-02T20:36:35.576Z","v":0}
{"name":"engram","hostname":"ryan-S400CA","pid":12390,"level":30,"msg":"engram listening on port 5000","time":"2015-05-02T20:36:59.650Z","v":0}
{"name":"engram","hostname":"ryan-S400CA","pid":12390,"level":30,"msg":"GET http://www.google.com","time":"2015-05-02T20:37:01.056Z","v":0}
{"name":"engram","hostname":"ryan-S400CA","pid":12532,"level":30,"msg":"engram listening on port 5000","time":"2015-05-02T20:37:28.122Z","v":0}
{"name":"engram","hostname":"ryan-S400CA","pid":12532,"level":30,"msg":"GET http://www.google.com","time":"2015-05-02T20:37:34.197Z","v":0}
{"name":"engram","hostname":"ryan-S400CA","pid":12735,"level":30,"msg":"engram listening on port 5000","time":"2015-05-02T20:38:38.404Z","v":0}
